{
  "RSpec": {
    "coverage": {
      "/Users/nrathbone/turing_work/mod_1/project/BATTLESHIP/lib/ship.rb": {
        "lines": [
          1,
          null,
          1,
          null,
          1,
          42,
          42,
          42,
          null,
          null,
          1,
          17,
          null,
          null,
          1,
          28,
          null,
          null,
          null,
          null
        ]
      },
      "/Users/nrathbone/turing_work/mod_1/project/BATTLESHIP/lib/cell.rb": {
        "lines": [
          1,
          null,
          1,
          null,
          1,
          1203,
          1203,
          1203,
          null,
          null,
          1,
          62,
          null,
          null,
          1,
          32,
          null,
          null,
          1,
          188,
          null,
          null,
          1,
          null,
          15,
          0,
          0,
          null,
          null,
          15,
          15,
          null,
          null,
          1,
          118,
          10,
          3,
          7,
          4,
          null,
          3,
          null,
          null,
          108,
          7,
          null,
          101,
          null,
          null,
          null,
          null,
          null,
          null
        ]
      },
      "/Users/nrathbone/turing_work/mod_1/project/BATTLESHIP/lib/board.rb": {
        "lines": [
          1,
          null,
          1,
          null,
          1,
          null,
          74,
          null,
          null,
          null,
          null,
          null,
          null,
          null,
          null,
          null,
          null,
          null,
          null,
          null,
          null,
          null,
          null,
          null,
          null,
          null,
          null,
          1,
          9,
          25,
          null,
          null,
          null,
          null,
          1,
          null,
          7,
          null,
          null,
          null,
          null,
          null,
          7,
          null,
          null,
          1,
          6,
          null,
          null,
          1,
          null,
          8,
          20,
          20,
          null,
          6,
          5,
          4,
          12,
          8,
          null,
          0,
          null,
          null,
          4,
          null,
          0,
          null,
          null,
          null,
          null
        ]
      },
      "/Users/nrathbone/turing_work/mod_1/project/BATTLESHIP/lib/game.rb": {
        "lines": [
          1,
          null,
          1,
          null,
          1,
          8,
          8,
          8,
          null,
          null,
          1,
          1,
          null,
          null,
          null,
          1,
          0,
          0,
          null,
          0,
          0,
          0,
          0,
          0,
          0,
          0,
          null,
          0,
          0,
          null,
          null,
          null,
          1,
          null,
          0,
          null,
          null,
          1,
          null,
          null,
          1,
          null,
          null,
          null,
          1,
          null,
          1,
          2,
          null,
          null,
          1,
          null,
          1,
          1,
          null,
          1,
          1,
          1,
          1,
          1,
          1,
          null,
          0,
          null,
          null,
          null,
          1,
          null,
          1,
          2,
          2,
          2,
          null,
          2,
          2,
          null,
          0,
          0,
          null,
          null,
          2,
          2,
          3,
          null,
          null,
          null,
          null,
          1,
          1,
          null,
          1,
          null,
          null,
          1,
          0,
          0,
          0,
          0,
          null,
          null,
          1,
          0,
          null,
          0,
          0,
          null,
          0,
          0,
          null,
          0,
          null,
          0,
          0,
          null,
          null,
          null,
          1,
          0,
          0,
          0,
          0,
          null,
          null,
          0,
          0,
          null,
          null,
          1,
          0,
          0,
          null,
          0,
          0,
          0,
          null,
          0,
          0,
          null,
          null,
          null,
          null
        ]
      },
      "/Users/nrathbone/turing_work/mod_1/project/BATTLESHIP/lib/player.rb": {
        "lines": [
          1,
          null,
          1,
          null,
          1,
          60,
          60,
          60,
          60,
          null,
          null,
          1,
          null,
          28,
          27,
          null,
          null,
          null,
          1,
          0,
          0,
          null,
          null,
          1,
          6,
          10,
          2,
          null,
          8,
          null,
          8,
          8,
          null,
          8,
          8,
          8,
          8,
          null,
          0,
          null,
          null,
          null,
          null,
          null,
          null,
          null,
          1,
          2,
          null,
          2,
          3,
          null,
          3,
          2,
          null,
          1,
          null,
          null,
          null,
          null,
          1,
          1,
          1,
          1,
          null,
          1,
          1,
          1,
          0,
          1,
          0,
          null,
          1,
          null,
          1,
          null,
          null,
          null,
          null,
          1,
          null,
          3,
          null,
          3,
          9,
          9,
          null,
          null,
          3,
          null,
          null,
          1,
          0,
          0,
          null,
          0,
          0,
          0,
          0,
          0,
          0,
          null,
          0,
          null,
          null,
          0,
          null,
          null,
          1,
          2,
          2,
          2,
          null,
          2,
          2,
          2,
          0,
          2,
          0,
          null,
          2,
          null,
          2,
          null,
          null,
          null,
          null,
          1,
          null,
          3,
          2,
          null,
          1,
          null,
          null,
          null,
          1,
          2,
          6,
          null,
          null,
          null,
          null
        ]
      }
    },
    "timestamp": 1744913425
  }
}
