{
  "RSpec": {
    "coverage": {
      "/Users/nrathbone/turing_work/mod_1/project/BATTLESHIP/lib/ship.rb": {
        "lines": [
          1,
          null,
          1,
          null,
          1,
          131,
          131,
          131,
          null,
          null,
          1,
          24,
          null,
          null,
          1,
          38,
          null,
          null,
          null,
          null
        ]
      },
      "/Users/nrathbone/turing_work/mod_1/project/BATTLESHIP/lib/cell.rb": {
        "lines": [
          1,
          null,
          1,
          null,
          1,
          2724,
          2724,
          2724,
          null,
          null,
          1,
          127,
          null,
          null,
          1,
          55,
          null,
          null,
          1,
          343,
          null,
          null,
          1,
          null,
          23,
          0,
          0,
          null,
          null,
          23,
          23,
          null,
          null,
          1,
          230,
          11,
          3,
          8,
          4,
          null,
          4,
          null,
          null,
          219,
          9,
          null,
          210,
          null,
          null,
          null,
          null,
          null,
          null
        ]
      },
      "/Users/nrathbone/turing_work/mod_1/project/BATTLESHIP/lib/board.rb": {
        "lines": [
          1,
          null,
          1,
          null,
          1,
          null,
          168,
          null,
          null,
          null,
          null,
          null,
          null,
          null,
          null,
          null,
          null,
          null,
          null,
          null,
          null,
          null,
          null,
          null,
          null,
          1,
          13,
          37,
          null,
          null,
          null,
          null,
          1,
          null,
          14,
          null,
          null,
          null,
          null,
          null,
          14,
          null,
          null,
          1,
          19,
          null,
          null,
          1,
          null,
          13,
          40,
          40,
          null,
          11,
          16,
          5,
          12,
          8,
          null,
          1,
          null,
          null,
          16,
          null,
          3,
          null,
          null,
          null,
          null
        ]
      },
      "/Users/nrathbone/turing_work/mod_1/project/BATTLESHIP/lib/game.rb": {
        "lines": [
          1,
          null,
          1,
          null,
          1,
          25,
          25,
          25,
          25,
          null,
          null,
          1,
          6,
          1,
          null,
          null,
          5,
          null,
          null,
          null,
          null,
          1,
          4,
          4,
          null,
          4,
          1,
          1,
          1,
          3,
          null,
          2,
          null,
          null,
          null,
          null,
          null,
          2,
          0,
          null,
          2,
          null,
          2,
          null,
          1,
          0,
          null,
          1,
          null,
          null,
          1,
          null,
          null,
          null,
          1,
          0,
          null,
          null,
          1,
          null,
          4,
          null,
          null,
          null,
          null,
          4,
          2,
          null,
          2,
          null,
          null,
          4,
          12,
          null,
          10,
          6,
          null,
          4,
          null,
          null,
          10,
          null,
          null,
          4,
          2,
          null,
          2,
          null,
          null,
          4,
          null,
          4,
          12,
          null,
          4,
          null,
          4,
          4,
          4,
          4,
          4,
          4,
          null,
          0,
          0,
          null,
          0,
          null,
          null,
          null,
          null,
          4,
          4,
          null,
          4,
          5,
          5,
          5,
          null,
          5,
          3,
          3,
          3,
          3,
          3,
          null,
          null,
          2,
          2,
          null,
          0,
          0,
          null,
          0,
          null,
          null,
          0,
          null,
          null,
          2,
          0,
          null,
          2,
          null,
          null,
          2,
          3,
          null,
          null,
          null,
          4,
          3,
          3,
          3,
          3,
          3,
          3,
          3,
          3,
          3,
          null,
          null,
          3,
          null,
          null,
          4,
          null,
          1,
          0,
          null,
          1,
          null,
          null,
          1,
          null,
          null,
          1,
          1,
          1,
          1,
          1,
          null,
          null,
          1,
          null,
          0,
          null,
          null,
          null,
          null,
          null,
          0,
          0,
          null,
          0,
          null,
          null,
          0,
          0,
          null,
          0,
          0,
          null,
          0,
          null,
          null,
          0,
          null,
          0,
          null,
          0,
          0,
          null,
          0,
          null,
          null,
          0,
          null,
          null,
          null,
          1,
          0,
          0,
          0,
          0,
          0,
          null,
          null,
          0,
          0,
          0,
          0,
          null,
          null,
          null,
          null,
          0,
          null,
          null,
          null,
          null,
          null,
          0,
          0,
          null,
          0,
          null,
          null,
          0,
          null,
          null,
          1,
          0,
          0,
          null,
          0,
          null,
          null,
          0,
          null,
          0,
          0,
          0,
          null,
          null,
          0,
          null,
          null,
          null,
          null,
          null,
          0,
          0,
          null,
          0,
          null,
          0,
          null,
          null,
          null,
          1,
          39,
          null,
          null,
          1,
          6,
          2,
          4,
          2,
          2,
          2,
          0,
          null,
          null,
          null,
          null,
          null
        ]
      },
      "/Users/nrathbone/turing_work/mod_1/project/BATTLESHIP/lib/player.rb": {
        "lines": [
          1,
          null,
          1,
          1,
          null,
          1,
          149,
          149,
          149,
          149,
          null,
          null,
          1,
          25,
          null,
          null,
          1,
          null,
          76,
          75,
          null,
          null,
          null,
          1,
          6,
          2,
          null,
          4,
          null,
          null,
          6,
          null,
          null,
          1,
          15,
          16,
          5,
          null,
          11,
          null,
          11,
          11,
          null,
          11,
          11,
          11,
          0,
          null,
          0,
          0,
          null,
          0,
          null,
          null,
          null,
          null,
          null,
          null,
          null,
          1,
          18,
          8,
          null,
          10,
          null,
          null,
          18,
          22,
          null,
          22,
          18,
          null,
          4,
          2,
          null,
          2,
          null,
          null,
          null,
          null,
          null,
          1,
          14,
          14,
          14,
          null,
          14,
          14,
          14,
          4,
          2,
          null,
          2,
          null,
          10,
          4,
          2,
          null,
          2,
          null,
          null,
          6,
          2,
          null,
          4,
          null,
          null,
          14,
          null,
          null,
          null,
          null,
          1,
          null,
          4,
          null,
          4,
          12,
          12,
          null,
          null,
          4,
          null,
          null,
          1,
          5,
          5,
          null,
          5,
          0,
          0,
          0,
          null,
          5,
          null,
          null,
          0,
          0,
          0,
          0,
          0,
          0,
          null,
          0,
          null,
          null,
          0,
          null,
          null,
          1,
          8,
          8,
          8,
          null,
          8,
          8,
          null,
          8,
          3,
          1,
          2,
          1,
          null,
          1,
          null,
          null,
          5,
          1,
          4,
          0,
          null,
          4,
          null,
          null,
          8,
          null,
          null,
          null,
          null,
          1,
          null,
          5,
          3,
          null,
          2,
          null,
          null,
          null,
          1,
          0,
          0,
          null,
          null,
          null,
          null
        ]
      }
    },
    "timestamp": 1745174683
  }
}
